<?xml version="1.0" encoding="UTF-8"?>
<testrun name="NewExam" project="NewExam" tests="7" started="7" failures="1" errors="0" ignored="0">
  <testsuite name="newExam.ModuleTest" time="0.001">
    <testcase name="test" classname="newExam.ModuleTest" time="0.001"/>
  </testsuite>
  <testsuite name="newExam.HourTest" time="0.0">
    <testcase name="test" classname="newExam.HourTest" time="0.0"/>
  </testsuite>
  <testsuite name="newExam.RoomTest" time="0.0">
    <testcase name="test" classname="newExam.RoomTest" time="0.0"/>
  </testsuite>
  <testsuite name="newExam.SchedulerTest" time="0.0">
    <testcase name="test" classname="newExam.SchedulerTest" time="0.0"/>
  </testsuite>
  <testsuite name="newExam.ExamTimetableTest" time="0.004">
    <testcase name="test" classname="newExam.ExamTimetableTest" time="0.004">
      <failure>java.lang.AssertionError: Not yet implemented
	at org.junit.Assert.fail(Assert.java:88)
	at newExam.ExamTimetableTest.test(ExamTimetableTest.java:11)
	at sun.reflect.NativeMethodAccessorImpl.invoke0(Native Method)
	at sun.reflect.NativeMethodAccessorImpl.invoke(NativeMethodAccessorImpl.java:39)
	at sun.reflect.DelegatingMethodAccessorImpl.invoke(DelegatingMethodAccessorImpl.java:25)
	at java.lang.reflect.Method.invoke(Method.java:597)
	at org.junit.runners.model.FrameworkMethod$1.runReflectiveCall(FrameworkMethod.java:47)
	at org.junit.internal.runners.model.ReflectiveCallable.run(ReflectiveCallable.java:12)
	at org.junit.runners.model.FrameworkMethod.invokeExplosively(FrameworkMethod.java:44)
	at org.junit.internal.runners.statements.InvokeMethod.evaluate(InvokeMethod.java:17)
	at org.junit.runners.ParentRunner.runLeaf(ParentRunner.java:271)
	at org.junit.runners.BlockJUnit4ClassRunner.runChild(BlockJUnit4ClassRunner.java:70)
	at org.junit.runners.BlockJUnit4ClassRunner.runChild(BlockJUnit4ClassRunner.java:50)
	at org.junit.runners.ParentRunner$3.run(ParentRunner.java:238)
	at org.junit.runners.ParentRunner$1.schedule(ParentRunner.java:63)
	at org.junit.runners.ParentRunner.runChildren(ParentRunner.java:236)
	at org.junit.runners.ParentRunner.access$000(ParentRunner.java:53)
	at org.junit.runners.ParentRunner$2.evaluate(ParentRunner.java:229)
	at org.junit.runners.ParentRunner.run(ParentRunner.java:309)
	at org.eclipse.jdt.internal.junit4.runner.JUnit4TestReference.run(JUnit4TestReference.java:50)
	at org.eclipse.jdt.internal.junit.runner.TestExecution.run(TestExecution.java:38)
	at org.eclipse.jdt.internal.junit.runner.RemoteTestRunner.runTests(RemoteTestRunner.java:467)
	at org.eclipse.jdt.internal.junit.runner.RemoteTestRunner.runTests(RemoteTestRunner.java:683)
	at org.eclipse.jdt.internal.junit.runner.RemoteTestRunner.run(RemoteTestRunner.java:390)
	at org.eclipse.jdt.internal.junit.runner.RemoteTestRunner.main(RemoteTestRunner.java:197)

</failure>
    </testcase>
  </testsuite>
  <testsuite name="newExam.DayTest" time="0.0">
    <testcase name="test" classname="newExam.DayTest" time="0.0"/>
  </testsuite>
  <testsuite name="newExam.StudentTest" time="0.001">
    <testcase name="test" classname="newExam.StudentTest" time="0.001"/>
  </testsuite>
</testrun>
